13:14:09.839 INFO  -- Starting Application using Java 11.0.10 on Romanko with PID 6444 (D:\R\Prg\git\webscada\webscada\main\target\classes started by a.romanko in D:\R\Prg\git\webscada\webscada\main)
13:14:09.922 DEBUG -- Running with Spring Boot v2.4.2, Spring v5.3.3
13:14:09.923 INFO  -- No active profile set, falling back to default profiles: default
13:14:09.924 DEBUG -- Loading source class webscada.Application
13:14:10.211 DEBUG -- Refreshing org.springframework.boot.web.servlet.context.AnnotationConfigServletWebServerApplicationContext@c65a5ef
13:14:10.342 DEBUG -- Creating shared instance of singleton bean 'org.springframework.context.annotation.internalConfigurationAnnotationProcessor'
13:14:10.409 DEBUG -- Creating shared instance of singleton bean 'org.springframework.boot.autoconfigure.internalCachingMetadataReaderFactory'
13:14:10.949 DEBUG -- Identified candidate component class: URL [jar:file:/C:/Users/a.romanko/.m2/repository/webscada/rest/0.0.1-SNAPSHOT/rest-0.0.1-SNAPSHOT.jar!/webscada/rest/config/SecurityConfiguration.class]
13:14:10.984 DEBUG -- Identified candidate component class: URL [jar:file:/C:/Users/a.romanko/.m2/repository/webscada/rest/0.0.1-SNAPSHOT/rest-0.0.1-SNAPSHOT.jar!/webscada/rest/controllers/MainController.class]
13:14:10.993 DEBUG -- Identified candidate component class: URL [jar:file:/C:/Users/a.romanko/.m2/repository/webscada/rest/0.0.1-SNAPSHOT/rest-0.0.1-SNAPSHOT.jar!/webscada/rest/controllers/SignupController.class]
13:14:11.018 DEBUG -- Identified candidate component class: URL [jar:file:/C:/Users/a.romanko/.m2/repository/webscada/rest/0.0.1-SNAPSHOT/rest-0.0.1-SNAPSHOT.jar!/webscada/rest/controllers/UserController.class]
13:14:11.022 DEBUG -- Identified candidate component class: URL [jar:file:/C:/Users/a.romanko/.m2/repository/webscada/rest/0.0.1-SNAPSHOT/rest-0.0.1-SNAPSHOT.jar!/webscada/rest/utils/CustomAccessDeniedHandler.class]
13:14:11.025 DEBUG -- Identified candidate component class: URL [jar:file:/C:/Users/a.romanko/.m2/repository/webscada/rest/0.0.1-SNAPSHOT/rest-0.0.1-SNAPSHOT.jar!/webscada/rest/utils/FacebookConnectionSignUp.class]
13:14:11.053 DEBUG -- Ignored because not a concrete top-level class: URL [jar:file:/C:/Users/a.romanko/.m2/repository/webscada/api/0.0.1-SNAPSHOT/api-0.0.1-SNAPSHOT.jar!/webscada/api/services/IDevService.class]
13:14:11.057 DEBUG -- Ignored because not a concrete top-level class: URL [jar:file:/C:/Users/a.romanko/.m2/repository/webscada/api/0.0.1-SNAPSHOT/api-0.0.1-SNAPSHOT.jar!/webscada/api/services/IUserService.class]
13:14:11.059 DEBUG -- Ignored because not a concrete top-level class: URL [jar:file:/C:/Users/a.romanko/.m2/repository/webscada/api/0.0.1-SNAPSHOT/api-0.0.1-SNAPSHOT.jar!/webscada/api/utils/IEmailSender.class]
13:14:11.138 DEBUG -- Identified candidate component class: URL [jar:file:/C:/Users/a.romanko/.m2/repository/webscada/services/0.0.1-SNAPSHOT/services-0.0.1-SNAPSHOT.jar!/webscada/services/config/ServiceConfiguration.class]
13:14:11.141 DEBUG -- Identified candidate component class: URL [jar:file:/C:/Users/a.romanko/.m2/repository/webscada/services/0.0.1-SNAPSHOT/services-0.0.1-SNAPSHOT.jar!/webscada/services/services/UserService.class]
13:14:11.152 DEBUG -- Identified candidate component class: URL [jar:file:/C:/Users/a.romanko/.m2/repository/webscada/dao/0.0.1-SNAPSHOT/dao-0.0.1-SNAPSHOT.jar!/webscada/dao/DevDao.class]
13:14:11.159 DEBUG -- Identified candidate component class: URL [jar:file:/C:/Users/a.romanko/.m2/repository/webscada/dao/0.0.1-SNAPSHOT/dao-0.0.1-SNAPSHOT.jar!/webscada/dao/UserDao.class]
13:14:11.172 DEBUG -- Identified candidate component class: URL [jar:file:/C:/Users/a.romanko/.m2/repository/webscada/logger/0.0.1-SNAPSHOT/logger-0.0.1-SNAPSHOT.jar!/webscada/logger/ServiceLogger.class]
13:14:11.242 WARN  -- Exception encountered during context initialization - cancelling refresh attempt: org.springframework.beans.factory.BeanDefinitionStoreException: Failed to parse configuration class [webscada.Application]; nested exception is java.io.FileNotFoundException: class path resource [webscada/api/dao/IDevDao.class] cannot be opened because it does not exist
13:14:11.574 ERROR -- Application run failed
org.springframework.beans.factory.BeanDefinitionStoreException: Failed to parse configuration class [webscada.Application]; nested exception is java.io.FileNotFoundException: class path resource [webscada/api/dao/IDevDao.class] cannot be opened because it does not exist
	at org.springframework.context.annotation.ConfigurationClassParser.parse(ConfigurationClassParser.java:189)
	at org.springframework.context.annotation.ConfigurationClassPostProcessor.processConfigBeanDefinitions(ConfigurationClassPostProcessor.java:336)
	at org.springframework.context.annotation.ConfigurationClassPostProcessor.postProcessBeanDefinitionRegistry(ConfigurationClassPostProcessor.java:252)
	at org.springframework.context.support.PostProcessorRegistrationDelegate.invokeBeanDefinitionRegistryPostProcessors(PostProcessorRegistrationDelegate.java:285)
	at org.springframework.context.support.PostProcessorRegistrationDelegate.invokeBeanFactoryPostProcessors(PostProcessorRegistrationDelegate.java:99)
	at org.springframework.context.support.AbstractApplicationContext.invokeBeanFactoryPostProcessors(AbstractApplicationContext.java:751)
	at org.springframework.context.support.AbstractApplicationContext.refresh(AbstractApplicationContext.java:569)
	at org.springframework.boot.web.servlet.context.ServletWebServerApplicationContext.refresh(ServletWebServerApplicationContext.java:144)
	at org.springframework.boot.SpringApplication.refresh(SpringApplication.java:767)
	at org.springframework.boot.SpringApplication.refresh(SpringApplication.java:759)
	at org.springframework.boot.SpringApplication.refreshContext(SpringApplication.java:426)
	at org.springframework.boot.SpringApplication.run(SpringApplication.java:326)
	at org.springframework.boot.SpringApplication.run(SpringApplication.java:1311)
	at org.springframework.boot.SpringApplication.run(SpringApplication.java:1300)
	at webscada.Application.main(Application.java:25)
Caused by: java.io.FileNotFoundException: class path resource [webscada/api/dao/IDevDao.class] cannot be opened because it does not exist
	at org.springframework.core.io.ClassPathResource.getInputStream(ClassPathResource.java:180)
	at org.springframework.core.type.classreading.SimpleMetadataReader.getClassReader(SimpleMetadataReader.java:55)
	at org.springframework.core.type.classreading.SimpleMetadataReader.<init>(SimpleMetadataReader.java:49)
	at org.springframework.core.type.classreading.SimpleMetadataReaderFactory.getMetadataReader(SimpleMetadataReaderFactory.java:103)
	at org.springframework.boot.type.classreading.ConcurrentReferenceCachingMetadataReaderFactory.createMetadataReader(ConcurrentReferenceCachingMetadataReaderFactory.java:86)
	at org.springframework.boot.type.classreading.ConcurrentReferenceCachingMetadataReaderFactory.getMetadataReader(ConcurrentReferenceCachingMetadataReaderFactory.java:73)
	at org.springframework.core.type.classreading.SimpleMetadataReaderFactory.getMetadataReader(SimpleMetadataReaderFactory.java:81)
	at org.springframework.context.annotation.ConfigurationClassParser.asSourceClass(ConfigurationClassParser.java:696)
	at org.springframework.context.annotation.ConfigurationClassParser$SourceClass.getInterfaces(ConfigurationClassParser.java:1024)
	at org.springframework.context.annotation.ConfigurationClassParser.processInterfaces(ConfigurationClassParser.java:386)
	at org.springframework.context.annotation.ConfigurationClassParser.doProcessConfigurationClass(ConfigurationClassParser.java:332)
	at org.springframework.context.annotation.ConfigurationClassParser.processConfigurationClass(ConfigurationClassParser.java:250)
	at org.springframework.context.annotation.ConfigurationClassParser.parse(ConfigurationClassParser.java:199)
	at org.springframework.context.annotation.ConfigurationClassParser.doProcessConfigurationClass(ConfigurationClassParser.java:304)
	at org.springframework.context.annotation.ConfigurationClassParser.processConfigurationClass(ConfigurationClassParser.java:250)
	at org.springframework.context.annotation.ConfigurationClassParser.parse(ConfigurationClassParser.java:207)
	at org.springframework.context.annotation.ConfigurationClassParser.parse(ConfigurationClassParser.java:175)
	... 14 common frames omitted
